<?xml version="1.0" encoding="UTF-8"?>
<!-- Generated by org.testng.reporters.JUnitReportReporter -->
<testsuite hostname="PC-f7ad11" failures="0" tests="3" name="customer.Gmail" time="0.013" errors="0" timestamp="2022-09-01T22:06:10 IST" skipped="0">
  <testcase classname="customer.Gmail" name="verify_compose_mail" time="0.009"/>
  <system-out/>
  <testcase classname="customer.Gmail" name="verify_inbox" time="0.002"/>
  <system-out/>
  <testcase classname="customer.Gmail" name="verify_sentitems" time="0.002"/>
  <system-out/>
</testsuite> <!-- customer.Gmail -->
