<?xml version="1.0" encoding="UTF-8"?>
<!-- Generated by org.testng.reporters.JUnitReportReporter -->
<testsuite hostname="PC-f7ad11" failures="0" tests="3" name="Task.Project" time="0.005" errors="0" timestamp="2022-09-02T21:42:57 IST" skipped="0">
  <testcase classname="Task.Project" name="add_task_project" time="0.002"/>
  <system-out/>
  <testcase classname="Task.Project" name="createproject" time="0.002"/>
  <system-out/>
  <testcase classname="Task.Project" name="deleteproject" time="0.001"/>
  <system-out/>
</testsuite> <!-- Task.Project -->
